\BOOKMARK [1][-]{section.1}{\376\377\003\206\003\303\003\272\003\267\003\303\003\267\000\040\0001\000\040\000-\000\040\003\225\003\276\003\277\003\271\003\272\003\265\003\257\003\311\003\303\003\267\000\040\003\274\003\265\000\040\003\304\003\277\000\040\003\300\003\265\003\301\003\271\003\262\003\254\003\273\003\273\003\277\003\275\000\040\003\300\003\301\003\277\003\263\003\301\003\261\003\274\003\274\003\261\003\304\003\271\003\303\003\274\003\277\003\315}{}% 1
\BOOKMARK [1][-]{section.2}{\376\377\003\206\003\303\003\272\003\267\003\303\003\267\000\040\0002\000\040\000-\000\040\003\240\003\261\003\301\003\261\003\273\003\273\003\267\003\273\003\277\003\300\003\277\003\257\003\267\003\303\003\267\000\040\003\272\003\261\003\271\000\040\003\262\003\265\003\273\003\304\003\271\003\303\003\304\003\277\003\300\003\277\003\257\003\267\003\303\003\267\000\040\003\261\003\273\003\263\003\277\003\301\003\257\003\270\003\274\003\311\003\275\000\040\003\303\003\265\000\040\003\261\003\301\003\307\003\271\003\304\003\265\003\272\003\304\003\277\003\275\003\271\003\272\003\255\003\302\000\040\003\272\003\277\003\271\003\275\003\256\003\302\000\040\003\274\003\275\003\256\003\274\003\267\003\302}{}% 2
\BOOKMARK [2][-]{subsection.2.1}{\376\377\003\221\003\273\003\263\003\314\003\301\003\271\003\270\003\274\003\277\003\302\000\040\000K\000-\000m\000e\000a\000n\000s}{section.2}% 3
\BOOKMARK [3][-]{subsubsection.2.1.1}{\376\377\000K\000-\000m\000e\000a\000n\000s\000\040\000-\000\040\000S\000h\000a\000r\000e\000d\000\040\000C\000l\000u\000s\000t\000e\000r\000s}{subsection.2.1}% 4
\BOOKMARK [3][-]{subsubsection.2.1.2}{\376\377\000K\000-\000m\000e\000a\000n\000s\000\040\000-\000\040\000C\000o\000p\000i\000e\000d\000\040\000C\000l\000u\000s\000t\000e\000r\000s\000\040\000a\000n\000d\000\040\000R\000e\000d\000u\000c\000e}{subsection.2.1}% 5
\BOOKMARK [2][-]{subsection.2.2}{\376\377\003\221\003\273\003\263\003\314\003\301\003\271\003\270\003\274\003\277\003\302\000\040\000F\000l\000o\000y\000d\000-\000W\000a\000r\000s\000h\000a\000l\000l}{section.2}% 6
\BOOKMARK [3][-]{subsubsection.2.2.1}{\376\377\000F\000l\000o\000y\000d\000-\000W\000a\000r\000s\000h\000a\000l\000l\000\040\000-\000\040\000S\000t\000a\000n\000d\000a\000r\000d\000\040\000E\000d\000i\000t\000i\000o\000n}{subsection.2.2}% 7
\BOOKMARK [3][-]{subsubsection.2.2.2}{\376\377\000F\000l\000o\000y\000d\000-\000W\000a\000r\000s\000h\000a\000l\000l\000\040\000-\000\040\000R\000e\000c\000u\000r\000s\000i\000v\000e\000/\000T\000a\000s\000k\000\040\000B\000a\000s\000e\000d}{subsection.2.2}% 8
\BOOKMARK [3][-]{subsubsection.2.2.3}{\376\377\000F\000l\000o\000y\000d\000-\000W\000a\000r\000s\000h\000a\000l\000l\000\040\000-\000\040\000T\000i\000l\000e\000d}{subsection.2.2}% 9
\BOOKMARK [1][-]{section.3}{\376\377\003\206\003\303\003\272\003\267\003\303\003\267\000\040\0003\000\040\000-\000\040\003\221\003\274\003\277\003\271\003\262\003\261\003\257\003\277\003\302\000\040\003\221\003\300\003\277\003\272\003\273\003\265\003\271\003\303\003\274\003\314\003\302\000/\003\232\003\273\003\265\003\271\003\264\003\316\003\274\003\261\003\304\003\261}{}% 10
\BOOKMARK [2][-]{subsection.3.1}{\376\377\000M\000u\000t\000u\000a\000l\000\040\000E\000x\000c\000l\000u\000s\000i\000o\000n\000\040\003\274\003\265\000\040\003\307\003\301\003\256\003\303\003\267\000\040\003\272\003\273\003\265\003\271\003\264\003\261\003\301\003\271\003\316\003\275}{section.3}% 11
\BOOKMARK [3][-]{subsubsection.3.1.1}{\376\377\003\225\003\272\003\304\003\255\003\273\003\265\003\303\003\267\000\040\003\307\003\311\003\301\003\257\003\302\000\040\003\272\003\273\003\265\003\257\003\264\003\311\003\274\003\261}{subsection.3.1}% 12
\BOOKMARK [3][-]{subsubsection.3.1.2}{\376\377\000P\000T\000h\000r\000e\000a\000d\000\040\000-\000\040\000M\000u\000t\000e\000x}{subsection.3.1}% 13
\BOOKMARK [3][-]{subsubsection.3.1.3}{\376\377\000P\000T\000h\000r\000e\000a\000d\000\040\000-\000\040\000S\000p\000i\000n\000l\000o\000c\000k}{subsection.3.1}% 14
\BOOKMARK [3][-]{subsubsection.3.1.4}{\376\377\000T\000e\000s\000t\000-\000a\000n\000d\000-\000S\000e\000t\000\040\000\050\000T\000A\000S\000\051}{subsection.3.1}% 15
\BOOKMARK [3][-]{subsubsection.3.1.5}{\376\377\000T\000e\000s\000t\000-\000T\000e\000s\000t\000-\000a\000n\000d\000-\000S\000e\000t\000\040\000\050\000T\000T\000A\000S\000\051}{subsection.3.1}% 16
\BOOKMARK [3][-]{subsubsection.3.1.6}{\376\377\000A\000r\000r\000a\000y\000\040\000B\000a\000s\000e\000d\000\040\000L\000o\000c\000k}{subsection.3.1}% 17
\BOOKMARK [3][-]{subsubsection.3.1.7}{\376\377\000C\000L\000H\000\040\000L\000o\000c\000k}{subsection.3.1}% 18
\BOOKMARK [2][-]{subsection.3.2}{\376\377\000M\000u\000t\000u\000a\000l\000\040\000E\000x\000c\000l\000u\000s\000i\000o\000n\000\040\003\274\003\265\000\040\003\307\003\301\003\256\003\303\003\267\000\040\000c\000r\000i\000t\000i\000c\000a\000l\000/\000a\000t\000o\000m\000i\000c\000\040\000p\000r\000a\000g\000m\000a}{section.3}% 19
\BOOKMARK [1][-]{section.4}{\376\377\003\206\003\303\003\272\003\267\003\303\003\267\000\040\0004\000\040\000-\000\040\003\244\003\261\003\305\003\304\003\314\003\307\003\301\003\277\003\275\003\265\003\302\000\040\003\224\003\277\003\274\003\255\003\302\000\040\003\224\003\265\003\264\003\277\003\274\003\255\003\275\003\311\003\275}{}% 20
\BOOKMARK [2][-]{subsection.4.1}{\376\377\000L\000o\000w\000\040\000P\000e\000r\000f\000o\000r\000m\000e\000r\000s}{section.4}% 21
\BOOKMARK [3][-]{subsubsection.4.1.1}{\376\377\000C\000o\000a\000r\000s\000e\000-\000g\000r\000a\000i\000n\000\040\000L\000o\000c\000k\000i\000n\000g}{subsection.4.1}% 22
\BOOKMARK [3][-]{subsubsection.4.1.2}{\376\377\000F\000i\000n\000e\000-\000g\000r\000a\000i\000n\000\040\000L\000o\000c\000k\000i\000n\000g}{subsection.4.1}% 23
\BOOKMARK [3][-]{subsubsection.4.1.3}{\376\377\000O\000p\000t\000i\000m\000i\000s\000t\000i\000c\000\040\000s\000y\000n\000c\000h\000r\000o\000n\000i\000z\000a\000t\000i\000o\000n}{subsection.4.1}% 24
\BOOKMARK [2][-]{subsection.4.2}{\376\377\000H\000i\000g\000h\000\040\000P\000e\000r\000f\000o\000r\000m\000e\000r\000s}{section.4}% 25
\BOOKMARK [3][-]{subsubsection.4.2.1}{\376\377\000L\000a\000z\000y\000\040\000s\000y\000n\000c\000h\000r\000o\000n\000i\000z\000a\000t\000i\000o\000n}{subsection.4.2}% 26
\BOOKMARK [3][-]{subsubsection.4.2.2}{\376\377\000N\000o\000n\000-\000b\000l\000o\000c\000k\000i\000n\000g\000\040\000s\000y\000n\000c\000h\000r\000o\000n\000i\000z\000a\000t\000i\000o\000n}{subsection.4.2}% 27
