This is pdfTeX, Version 3.141592653-2.6-1.40.24 (TeX Live 2022) (preloaded format=pdflatex 2022.11.14)  16 NOV 2022 23:54
entering extended mode
 \write18 enabled.
 file:line:error style messages enabled.
 %&-line parsing enabled.
**c:/Users/archl/Desktop/NTUA/9_semester/ParallelSystems/parlab2022-2023-NTUA/Report/report.tex
(c:/Users/archl/Desktop/NTUA/9_semester/ParallelSystems/parlab2022-2023-NTUA/Report/report.tex
LaTeX2e <2021-11-15> patch level 1
L3 programming layer <2022-02-24> (c:/texlive/2022/texmf-dist/tex/latex/base/article.cls
Document Class: article 2021/10/04 v1.4n Standard LaTeX document class
(c:/texlive/2022/texmf-dist/tex/latex/base/size12.clo
File: size12.clo 2021/10/04 v1.4n Standard LaTeX file (size option)
)
\c@part=\count185
\c@section=\count186
\c@subsection=\count187
\c@subsubsection=\count188
\c@paragraph=\count189
\c@subparagraph=\count190
\c@figure=\count191
\c@table=\count192
\abovecaptionskip=\skip47
\belowcaptionskip=\skip48
\bibindent=\dimen138
) (c:/texlive/2022/texmf-dist/tex/latex/listings/listings.sty (c:/texlive/2022/texmf-dist/tex/latex/graphics/keyval.sty
Package: keyval 2014/10/28 v1.15 key=value parser (DPC)
\KV@toks@=\toks16
)
\lst@mode=\count193
\lst@gtempboxa=\box50
\lst@token=\toks17
\lst@length=\count194
\lst@currlwidth=\dimen139
\lst@column=\count195
\lst@pos=\count196
\lst@lostspace=\dimen140
\lst@width=\dimen141
\lst@newlines=\count197
\lst@lineno=\count198
\lst@maxwidth=\dimen142
 (c:/texlive/2022/texmf-dist/tex/latex/listings/lstmisc.sty
File: lstmisc.sty 2020/03/24 1.8d (Carsten Heinz)
\c@lstnumber=\count199
\lst@skipnumbers=\count266
\lst@framebox=\box51
) (c:/texlive/2022/texmf-dist/tex/latex/listings/listings.cfg
File: listings.cfg 2020/03/24 1.8d listings configuration
))
Package: listings 2020/03/24 1.8d (Carsten Heinz)
 (c:/texlive/2022/texmf-dist/tex/latex/graphics/color.sty
Package: color 2021/12/07 v1.3c Standard LaTeX Color (DPC)
 (c:/texlive/2022/texmf-dist/tex/latex/graphics-cfg/color.cfg
File: color.cfg 2016/01/02 v1.6 sample color configuration
)
Package color Info: Driver file: pdftex.def on input line 149.
 (c:/texlive/2022/texmf-dist/tex/latex/graphics-def/pdftex.def
File: pdftex.def 2020/10/05 v1.2a Graphics/color driver for pdftex
)) (c:/texlive/2022/texmf-dist/tex/latex/float/float.sty
Package: float 2001/11/08 v1.3d Float enhancements (AL)
\c@float@type=\count267
\float@exts=\toks18
\float@box=\box52
\@float@everytoks=\toks19
\@floatcapt=\box53
) (c:/texlive/2022/texmf-dist/tex/latex/graphics/graphicx.sty
Package: graphicx 2021/09/16 v1.2d Enhanced LaTeX Graphics (DPC,SPQR)
 (c:/texlive/2022/texmf-dist/tex/latex/graphics/graphics.sty
Package: graphics 2021/03/04 v1.4d Standard LaTeX Graphics (DPC,SPQR)
 (c:/texlive/2022/texmf-dist/tex/latex/graphics/trig.sty
Package: trig 2021/08/11 v1.11 sin cos tan (DPC)
) (c:/texlive/2022/texmf-dist/tex/latex/graphics-cfg/graphics.cfg
File: graphics.cfg 2016/06/04 v1.11 sample graphics configuration
)
Package graphics Info: Driver file: pdftex.def on input line 107.
)
\Gin@req@height=\dimen143
\Gin@req@width=\dimen144
) (c:/texlive/2022/texmf-dist/tex/latex/caption/subcaption.sty
Package: subcaption 2022/01/07 v1.5 Sub-captions (AR)
 (c:/texlive/2022/texmf-dist/tex/latex/caption/caption.sty
Package: caption 2022/03/01 v3.6b Customizing captions (AR)
 (c:/texlive/2022/texmf-dist/tex/latex/caption/caption3.sty
Package: caption3 2022/03/17 v2.3b caption3 kernel (AR)
\caption@tempdima=\dimen145
\captionmargin=\dimen146
\caption@leftmargin=\dimen147
\caption@rightmargin=\dimen148
\caption@width=\dimen149
\caption@indent=\dimen150
\caption@parindent=\dimen151
\caption@hangindent=\dimen152
Package caption Info: Standard document class detected.
)
\c@caption@flags=\count268
\c@continuedfloat=\count269
Package caption Info: float package is loaded.
Package caption Info: listings package is loaded.
)
\c@subfigure=\count270
\c@subtable=\count271
) (c:/texlive/2022/texmf-dist/tex/latex/listings/lstlang1.sty
File: lstlang1.sty 2020/03/24 1.8d listings language file
) (c:/texlive/2022/texmf-dist/tex/latex/listings/lstmisc.sty
File: lstmisc.sty 2020/03/24 1.8d (Carsten Heinz)
) (c:/texlive/2022/texmf-dist/tex/latex/tools/tabularx.sty
Package: tabularx 2020/01/15 v2.11c `tabularx' package (DPC)
 (c:/texlive/2022/texmf-dist/tex/latex/tools/array.sty
Package: array 2021/10/04 v2.5f Tabular extension package (FMi)
\col@sep=\dimen153
\ar@mcellbox=\box54
\extrarowheight=\dimen154
\NC@list=\toks20
\extratabsurround=\skip49
\backup@length=\skip50
\ar@cellbox=\box55
)
\TX@col@width=\dimen155
\TX@old@table=\dimen156
\TX@old@col=\dimen157
\TX@target=\dimen158
\TX@delta=\dimen159
\TX@cols=\count272
\TX@ftn=\toks21
) (c:/texlive/2022/texmf-dist/tex/latex/amsmath/amsmath.sty
Package: amsmath 2021/10/15 v2.17l AMS math features
\@mathmargin=\skip51

For additional information on amsmath, use the `?' option.
(c:/texlive/2022/texmf-dist/tex/latex/amsmath/amstext.sty
Package: amstext 2021/08/26 v2.01 AMS text
 (c:/texlive/2022/texmf-dist/tex/latex/amsmath/amsgen.sty
File: amsgen.sty 1999/11/30 v2.0 generic functions
\@emptytoks=\toks22
\ex@=\dimen160
)) (c:/texlive/2022/texmf-dist/tex/latex/amsmath/amsbsy.sty
Package: amsbsy 1999/11/29 v1.2d Bold Symbols
\pmbraise@=\dimen161
) (c:/texlive/2022/texmf-dist/tex/latex/amsmath/amsopn.sty
Package: amsopn 2021/08/26 v2.02 operator names
)
\inf@bad=\count273
LaTeX Info: Redefining \frac on input line 234.
\uproot@=\count274
\leftroot@=\count275
LaTeX Info: Redefining \overline on input line 399.
\classnum@=\count276
\DOTSCASE@=\count277
LaTeX Info: Redefining \ldots on input line 496.
LaTeX Info: Redefining \dots on input line 499.
LaTeX Info: Redefining \cdots on input line 620.
\Mathstrutbox@=\box56
\strutbox@=\box57
\big@size=\dimen162
LaTeX Font Info:    Redeclaring font encoding OML on input line 743.
LaTeX Font Info:    Redeclaring font encoding OMS on input line 744.
\macc@depth=\count278
\c@MaxMatrixCols=\count279
\dotsspace@=\muskip16
\c@parentequation=\count280
\dspbrk@lvl=\count281
\tag@help=\toks23
\row@=\count282
\column@=\count283
\maxfields@=\count284
\andhelp@=\toks24
\eqnshift@=\dimen163
\alignsep@=\dimen164
\tagshift@=\dimen165
\tagwidth@=\dimen166
\totwidth@=\dimen167
\lineht@=\dimen168
\@envbody=\toks25
\multlinegap=\skip52
\multlinetaggap=\skip53
\mathdisplay@stack=\toks26
LaTeX Info: Redefining \[ on input line 2938.
LaTeX Info: Redefining \] on input line 2939.
) (c:/texlive/2022/texmf-dist/tex/latex/geometry/geometry.sty
Package: geometry 2020/01/02 v5.9 Page Geometry
 (c:/texlive/2022/texmf-dist/tex/generic/iftex/ifvtex.sty
Package: ifvtex 2019/10/25 v1.7 ifvtex legacy package. Use iftex instead.
 (c:/texlive/2022/texmf-dist/tex/generic/iftex/iftex.sty
Package: iftex 2022/02/03 v1.0f TeX engine tests
))
\Gm@cnth=\count285
\Gm@cntv=\count286
\c@Gm@tempcnt=\count287
\Gm@bindingoffset=\dimen169
\Gm@wd@mp=\dimen170
\Gm@odd@mp=\dimen171
\Gm@even@mp=\dimen172
\Gm@layoutwidth=\dimen173
\Gm@layoutheight=\dimen174
\Gm@layouthoffset=\dimen175
\Gm@layoutvoffset=\dimen176
\Gm@dimlist=\toks27
) (c:/texlive/2022/texmf-dist/tex/latex/cite/cite.sty
LaTeX Info: Redefining \cite on input line 302.
LaTeX Info: Redefining \nocite on input line 332.
Package: cite 2015/02/27  v 5.5
) (c:/texlive/2022/texmf-dist/tex/latex/hyperref/hyperref.sty
Package: hyperref 2022-02-21 v7.00n Hypertext links for LaTeX
 (c:/texlive/2022/texmf-dist/tex/generic/ltxcmds/ltxcmds.sty
Package: ltxcmds 2020-05-10 v1.25 LaTeX kernel commands for general use (HO)
) (c:/texlive/2022/texmf-dist/tex/generic/pdftexcmds/pdftexcmds.sty
Package: pdftexcmds 2020-06-27 v0.33 Utility functions of pdfTeX for LuaTeX (HO)
 (c:/texlive/2022/texmf-dist/tex/generic/infwarerr/infwarerr.sty
Package: infwarerr 2019/12/03 v1.5 Providing info/warning/error messages (HO)
)
Package pdftexcmds Info: \pdf@primitive is available.
Package pdftexcmds Info: \pdf@ifprimitive is available.
Package pdftexcmds Info: \pdfdraftmode found.
) (c:/texlive/2022/texmf-dist/tex/generic/kvsetkeys/kvsetkeys.sty
Package: kvsetkeys 2019/12/15 v1.18 Key value parser (HO)
) (c:/texlive/2022/texmf-dist/tex/generic/kvdefinekeys/kvdefinekeys.sty
Package: kvdefinekeys 2019-12-19 v1.6 Define keys (HO)
) (c:/texlive/2022/texmf-dist/tex/generic/pdfescape/pdfescape.sty
Package: pdfescape 2019/12/09 v1.15 Implements pdfTeX's escape features (HO)
) (c:/texlive/2022/texmf-dist/tex/latex/hycolor/hycolor.sty
Package: hycolor 2020-01-27 v1.10 Color options for hyperref/bookmark (HO)
) (c:/texlive/2022/texmf-dist/tex/latex/letltxmacro/letltxmacro.sty
Package: letltxmacro 2019/12/03 v1.6 Let assignment for LaTeX macros (HO)
) (c:/texlive/2022/texmf-dist/tex/latex/auxhook/auxhook.sty
Package: auxhook 2019-12-17 v1.6 Hooks for auxiliary files (HO)
) (c:/texlive/2022/texmf-dist/tex/latex/kvoptions/kvoptions.sty
Package: kvoptions 2020-10-07 v3.14 Key value format for package options (HO)
)
\@linkdim=\dimen177
\Hy@linkcounter=\count288
\Hy@pagecounter=\count289
 (c:/texlive/2022/texmf-dist/tex/latex/hyperref/pd1enc.def
File: pd1enc.def 2022-02-21 v7.00n Hyperref: PDFDocEncoding definition (HO)
Now handling font encoding PD1 ...
... no UTF-8 mapping file for font encoding PD1
) (c:/texlive/2022/texmf-dist/tex/generic/intcalc/intcalc.sty
Package: intcalc 2019/12/15 v1.3 Expandable calculations with integers (HO)
) (c:/texlive/2022/texmf-dist/tex/generic/etexcmds/etexcmds.sty
Package: etexcmds 2019/12/15 v1.7 Avoid name clashes with e-TeX commands (HO)
)
\Hy@SavedSpaceFactor=\count290
 (c:/texlive/2022/texmf-dist/tex/latex/hyperref/puenc.def
File: puenc.def 2022-02-21 v7.00n Hyperref: PDF Unicode definition (HO)
Now handling font encoding PU ...
... no UTF-8 mapping file for font encoding PU
)
Package hyperref Info: Option `final' set `true' on input line 4018.
Package hyperref Info: Hyper figures OFF on input line 4137.
Package hyperref Info: Link nesting OFF on input line 4142.
Package hyperref Info: Hyper index ON on input line 4145.
Package hyperref Info: Plain pages OFF on input line 4152.
Package hyperref Info: Backreferencing OFF on input line 4157.
Package hyperref Info: Implicit mode ON; LaTeX internals redefined.
Package hyperref Info: Bookmarks ON on input line 4390.
\c@Hy@tempcnt=\count291
 (c:/texlive/2022/texmf-dist/tex/latex/url/url.sty
\Urlmuskip=\muskip17
Package: url 2013/09/16  ver 3.4  Verb mode for urls, etc.
)
LaTeX Info: Redefining \url on input line 4749.
\XeTeXLinkMargin=\dimen178
 (c:/texlive/2022/texmf-dist/tex/generic/bitset/bitset.sty
Package: bitset 2019/12/09 v1.3 Handle bit-vector datatype (HO)
 (c:/texlive/2022/texmf-dist/tex/generic/bigintcalc/bigintcalc.sty
Package: bigintcalc 2019/12/15 v1.5 Expandable calculations on big integers (HO)
))
\Fld@menulength=\count292
\Field@Width=\dimen179
\Fld@charsize=\dimen180
Package hyperref Info: Hyper figures OFF on input line 6027.
Package hyperref Info: Link nesting OFF on input line 6032.
Package hyperref Info: Hyper index ON on input line 6035.
Package hyperref Info: backreferencing OFF on input line 6042.
Package hyperref Info: Link coloring OFF on input line 6047.
Package hyperref Info: Link coloring with OCG OFF on input line 6052.
Package hyperref Info: PDF/A mode OFF on input line 6057.
LaTeX Info: Redefining \ref on input line 6097.
LaTeX Info: Redefining \pageref on input line 6101.
 (c:/texlive/2022/texmf-dist/tex/latex/base/atbegshi-ltx.sty
Package: atbegshi-ltx 2021/01/10 v1.0c Emulation of the original atbegshi
package with kernel methods
)
\Hy@abspage=\count293
\c@Item=\count294
\c@Hfootnote=\count295
)
Package hyperref Info: Driver (autodetected): hpdftex.
 (c:/texlive/2022/texmf-dist/tex/latex/hyperref/hpdftex.def
File: hpdftex.def 2022-02-21 v7.00n Hyperref driver for pdfTeX
 (c:/texlive/2022/texmf-dist/tex/latex/base/atveryend-ltx.sty
Package: atveryend-ltx 2020/08/19 v1.0a Emulation of the original atveryend package
with kernel methods
)
\Fld@listcount=\count296
\c@bookmark@seq@number=\count297
 (c:/texlive/2022/texmf-dist/tex/latex/rerunfilecheck/rerunfilecheck.sty
Package: rerunfilecheck 2019/12/05 v1.9 Rerun checks for auxiliary files (HO)
 (c:/texlive/2022/texmf-dist/tex/generic/uniquecounter/uniquecounter.sty
Package: uniquecounter 2019/12/15 v1.4 Provide unlimited unique counter (HO)
)
Package uniquecounter Info: New unique counter `rerunfilecheck' on input line 286.
)
\Hy@SectionHShift=\skip54
)
Package hyperref Info: Option `colorlinks' set `true' on input line 47.
 (c:/texlive/2022/texmf-dist/tex/latex/base/inputenc.sty
Package: inputenc 2021/02/14 v1.3d Input encoding file
\inpenc@prehook=\toks28
\inpenc@posthook=\toks29
) (c:/texlive/2022/texmf-dist/tex/generic/babel/babel.sty
Package: babel 2022/02/26 3.73 The Babel package
\babel@savecnt=\count298
\U@D=\dimen181
\l@unhyphenated=\language87
 (c:/texlive/2022/texmf-dist/tex/generic/babel/txtbabel.def)
\bbl@readstream=\read2
\bbl@dirlevel=\count299
 (c:/texlive/2022/texmf-dist/tex/generic/babel-greek/greek.ldf
Language: greek 2020/11/10 v1.10 Greek support for the babel system
\bbl@monogreek=\count300
\bbl@polygreek=\count301
\bbl@ancientgreek=\count302
 (c:/texlive/2022/texmf-dist/tex/latex/greek-fontenc/lgrenc.def
File: lgrenc.def 2020/10/13 2.0 LGR Greek font encoding definitions
Now handling font encoding LGR ...
... processing UTF-8 mapping file for font encoding LGR
 (c:/texlive/2022/texmf-dist/tex/latex/greek-inputenc/lgrenc.dfu
File: lgrenc.dfu 2019/07/11 1.7 UTF-8 support for Greek
   defining Unicode char U+00A8 (decimal 168)
   defining Unicode char U+00AB (decimal 171)
   defining Unicode char U+00AF (decimal 175)
   defining Unicode char U+00B4 (decimal 180)
   defining Unicode char U+00B7 (decimal 183)
   defining Unicode char U+00BB (decimal 187)
   defining Unicode char U+0259 (decimal 601)
   defining Unicode char U+02D8 (decimal 728)
   defining Unicode char U+0374 (decimal 884)
   defining Unicode char U+0375 (decimal 885)
   defining Unicode char U+037A (decimal 890)
   defining Unicode char U+037E (decimal 894)
   defining Unicode char U+0384 (decimal 900)
   defining Unicode char U+0385 (decimal 901)
   defining Unicode char U+0386 (decimal 902)
   defining Unicode char U+0387 (decimal 903)
   defining Unicode char U+0388 (decimal 904)
   defining Unicode char U+0389 (decimal 905)
   defining Unicode char U+038A (decimal 906)
   defining Unicode char U+038C (decimal 908)
   defining Unicode char U+038E (decimal 910)
   defining Unicode char U+038F (decimal 911)
   defining Unicode char U+0390 (decimal 912)
   defining Unicode char U+0391 (decimal 913)
   defining Unicode char U+0392 (decimal 914)
   defining Unicode char U+0393 (decimal 915)
   defining Unicode char U+0394 (decimal 916)
   defining Unicode char U+0395 (decimal 917)
   defining Unicode char U+0396 (decimal 918)
   defining Unicode char U+0397 (decimal 919)
   defining Unicode char U+0398 (decimal 920)
   defining Unicode char U+0399 (decimal 921)
   defining Unicode char U+039A (decimal 922)
   defining Unicode char U+039B (decimal 923)
   defining Unicode char U+039C (decimal 924)
   defining Unicode char U+039D (decimal 925)
   defining Unicode char U+039E (decimal 926)
   defining Unicode char U+039F (decimal 927)
   defining Unicode char U+03A0 (decimal 928)
   defining Unicode char U+03A1 (decimal 929)
   defining Unicode char U+03A3 (decimal 931)
   defining Unicode char U+03A4 (decimal 932)
   defining Unicode char U+03A5 (decimal 933)
   defining Unicode char U+03A6 (decimal 934)
   defining Unicode char U+03A7 (decimal 935)
   defining Unicode char U+03A8 (decimal 936)
   defining Unicode char U+03A9 (decimal 937)
   defining Unicode char U+03AA (decimal 938)
   defining Unicode char U+03AB (decimal 939)
   defining Unicode char U+03AC (decimal 940)
   defining Unicode char U+03AD (decimal 941)
   defining Unicode char U+03AE (decimal 942)
   defining Unicode char U+03AF (decimal 943)
   defining Unicode char U+03B0 (decimal 944)
   defining Unicode char U+03B1 (decimal 945)
   defining Unicode char U+03B2 (decimal 946)
   defining Unicode char U+03B3 (decimal 947)
   defining Unicode char U+03B4 (decimal 948)
   defining Unicode char U+03B5 (decimal 949)
   defining Unicode char U+03B6 (decimal 950)
   defining Unicode char U+03B7 (decimal 951)
   defining Unicode char U+03B8 (decimal 952)
   defining Unicode char U+03B9 (decimal 953)
   defining Unicode char U+03BA (decimal 954)
   defining Unicode char U+03BB (decimal 955)
   defining Unicode char U+03BC (decimal 956)
   defining Unicode char U+03BD (decimal 957)
   defining Unicode char U+03BE (decimal 958)
   defining Unicode char U+03BF (decimal 959)
   defining Unicode char U+03C0 (decimal 960)
   defining Unicode char U+03C1 (decimal 961)
   defining Unicode char U+03C2 (decimal 962)
   defining Unicode char U+03C3 (decimal 963)
   defining Unicode char U+03C4 (decimal 964)
   defining Unicode char U+03C5 (decimal 965)
   defining Unicode char U+03C6 (decimal 966)
   defining Unicode char U+03C7 (decimal 967)
   defining Unicode char U+03C8 (decimal 968)
   defining Unicode char U+03C9 (decimal 969)
   defining Unicode char U+03CA (decimal 970)
   defining Unicode char U+03CB (decimal 971)
   defining Unicode char U+03CC (decimal 972)
   defining Unicode char U+03CD (decimal 973)
   defining Unicode char U+03CE (decimal 974)
   defining Unicode char U+03D0 (decimal 976)
   defining Unicode char U+03D1 (decimal 977)
   defining Unicode char U+03D5 (decimal 981)
   defining Unicode char U+03D6 (decimal 982)
   defining Unicode char U+03D8 (decimal 984)
   defining Unicode char U+03D9 (decimal 985)
   defining Unicode char U+03DA (decimal 986)
   defining Unicode char U+03DB (decimal 987)
   defining Unicode char U+03DC (decimal 988)
   defining Unicode char U+03DD (decimal 989)
   defining Unicode char U+03DF (decimal 991)
   defining Unicode char U+03E0 (decimal 992)
   defining Unicode char U+03E1 (decimal 993)
   defining Unicode char U+03F0 (decimal 1008)
   defining Unicode char U+03F1 (decimal 1009)
   defining Unicode char U+03F4 (decimal 1012)
   defining Unicode char U+03F5 (decimal 1013)
   defining Unicode char U+1F00 (decimal 7936)
   defining Unicode char U+1F01 (decimal 7937)
   defining Unicode char U+1F02 (decimal 7938)
   defining Unicode char U+1F03 (decimal 7939)
   defining Unicode char U+1F04 (decimal 7940)
   defining Unicode char U+1F05 (decimal 7941)
   defining Unicode char U+1F06 (decimal 7942)
   defining Unicode char U+1F07 (decimal 7943)
   defining Unicode char U+1F08 (decimal 7944)
   defining Unicode char U+1F09 (decimal 7945)
   defining Unicode char U+1F0A (decimal 7946)
   defining Unicode char U+1F0B (decimal 7947)
   defining Unicode char U+1F0C (decimal 7948)
   defining Unicode char U+1F0D (decimal 7949)
   defining Unicode char U+1F0E (decimal 7950)
   defining Unicode char U+1F0F (decimal 7951)
   defining Unicode char U+1F10 (decimal 7952)
   defining Unicode char U+1F11 (decimal 7953)
   defining Unicode char U+1F12 (decimal 7954)
   defining Unicode char U+1F13 (decimal 7955)
   defining Unicode char U+1F14 (decimal 7956)
   defining Unicode char U+1F15 (decimal 7957)
   defining Unicode char U+1F18 (decimal 7960)
   defining Unicode char U+1F19 (decimal 7961)
   defining Unicode char U+1F1A (decimal 7962)
   defining Unicode char U+1F1B (decimal 7963)
   defining Unicode char U+1F1C (decimal 7964)
   defining Unicode char U+1F1D (decimal 7965)
   defining Unicode char U+1F20 (decimal 7968)
   defining Unicode char U+1F21 (decimal 7969)
   defining Unicode char U+1F22 (decimal 7970)
   defining Unicode char U+1F23 (decimal 7971)
   defining Unicode char U+1F24 (decimal 7972)
   defining Unicode char U+1F25 (decimal 7973)
   defining Unicode char U+1F26 (decimal 7974)
   defining Unicode char U+1F27 (decimal 7975)
   defining Unicode char U+1F28 (decimal 7976)
   defining Unicode char U+1F29 (decimal 7977)
   defining Unicode char U+1F2A (decimal 7978)
   defining Unicode char U+1F2B (decimal 7979)
   defining Unicode char U+1F2C (decimal 7980)
   defining Unicode char U+1F2D (decimal 7981)
   defining Unicode char U+1F2E (decimal 7982)
   defining Unicode char U+1F2F (decimal 7983)
   defining Unicode char U+1F30 (decimal 7984)
   defining Unicode char U+1F31 (decimal 7985)
   defining Unicode char U+1F32 (decimal 7986)
   defining Unicode char U+1F33 (decimal 7987)
   defining Unicode char U+1F34 (decimal 7988)
   defining Unicode char U+1F35 (decimal 7989)
   defining Unicode char U+1F36 (decimal 7990)
   defining Unicode char U+1F37 (decimal 7991)
   defining Unicode char U+1F38 (decimal 7992)
   defining Unicode char U+1F39 (decimal 7993)
   defining Unicode char U+1F3A (decimal 7994)
   defining Unicode char U+1F3B (decimal 7995)
   defining Unicode char U+1F3C (decimal 7996)
   defining Unicode char U+1F3D (decimal 7997)
   defining Unicode char U+1F3E (decimal 7998)
   defining Unicode char U+1F3F (decimal 7999)
   defining Unicode char U+1F40 (decimal 8000)
   defining Unicode char U+1F41 (decimal 8001)
   defining Unicode char U+1F42 (decimal 8002)
   defining Unicode char U+1F43 (decimal 8003)
   defining Unicode char U+1F44 (decimal 8004)
   defining Unicode char U+1F45 (decimal 8005)
   defining Unicode char U+1F48 (decimal 8008)
   defining Unicode char U+1F49 (decimal 8009)
   defining Unicode char U+1F4A (decimal 8010)
   defining Unicode char U+1F4B (decimal 8011)
   defining Unicode char U+1F4C (decimal 8012)
   defining Unicode char U+1F4D (decimal 8013)
   defining Unicode char U+1F50 (decimal 8016)
   defining Unicode char U+1F51 (decimal 8017)
   defining Unicode char U+1F52 (decimal 8018)
   defining Unicode char U+1F53 (decimal 8019)
   defining Unicode char U+1F54 (decimal 8020)
   defining Unicode char U+1F55 (decimal 8021)
   defining Unicode char U+1F56 (decimal 8022)
   defining Unicode char U+1F57 (decimal 8023)
   defining Unicode char U+1F59 (decimal 8025)
   defining Unicode char U+1F5B (decimal 8027)
   defining Unicode char U+1F5D (decimal 8029)
   defining Unicode char U+1F5F (decimal 8031)
   defining Unicode char U+1F60 (decimal 8032)
   defining Unicode char U+1F61 (decimal 8033)
   defining Unicode char U+1F62 (decimal 8034)
   defining Unicode char U+1F63 (decimal 8035)
   defining Unicode char U+1F64 (decimal 8036)
   defining Unicode char U+1F65 (decimal 8037)
   defining Unicode char U+1F66 (decimal 8038)
   defining Unicode char U+1F67 (decimal 8039)
   defining Unicode char U+1F68 (decimal 8040)
   defining Unicode char U+1F69 (decimal 8041)
   defining Unicode char U+1F6A (decimal 8042)
   defining Unicode char U+1F6B (decimal 8043)
   defining Unicode char U+1F6C (decimal 8044)
   defining Unicode char U+1F6D (decimal 8045)
   defining Unicode char U+1F6E (decimal 8046)
   defining Unicode char U+1F6F (decimal 8047)
   defining Unicode char U+1F70 (decimal 8048)
   defining Unicode char U+1F71 (decimal 8049)
   defining Unicode char U+1F72 (decimal 8050)
   defining Unicode char U+1F73 (decimal 8051)
   defining Unicode char U+1F74 (decimal 8052)
   defining Unicode char U+1F75 (decimal 8053)
   defining Unicode char U+1F76 (decimal 8054)
   defining Unicode char U+1F77 (decimal 8055)
   defining Unicode char U+1F78 (decimal 8056)
   defining Unicode char U+1F79 (decimal 8057)
   defining Unicode char U+1F7A (decimal 8058)
   defining Unicode char U+1F7B (decimal 8059)
   defining Unicode char U+1F7C (decimal 8060)
   defining Unicode char U+1F7D (decimal 8061)
   defining Unicode char U+1F80 (decimal 8064)
   defining Unicode char U+1F81 (decimal 8065)
   defining Unicode char U+1F82 (decimal 8066)
   defining Unicode char U+1F83 (decimal 8067)
   defining Unicode char U+1F84 (decimal 8068)
   defining Unicode char U+1F85 (decimal 8069)
   defining Unicode char U+1F86 (decimal 8070)
   defining Unicode char U+1F87 (decimal 8071)
   defining Unicode char U+1F88 (decimal 8072)
   defining Unicode char U+1F89 (decimal 8073)
   defining Unicode char U+1F8A (decimal 8074)
   defining Unicode char U+1F8B (decimal 8075)
   defining Unicode char U+1F8C (decimal 8076)
   defining Unicode char U+1F8D (decimal 8077)
   defining Unicode char U+1F8E (decimal 8078)
   defining Unicode char U+1F8F (decimal 8079)
   defining Unicode char U+1F90 (decimal 8080)
   defining Unicode char U+1F91 (decimal 8081)
   defining Unicode char U+1F92 (decimal 8082)
   defining Unicode char U+1F93 (decimal 8083)
   defining Unicode char U+1F94 (decimal 8084)
   defining Unicode char U+1F95 (decimal 8085)
   defining Unicode char U+1F96 (decimal 8086)
   defining Unicode char U+1F97 (decimal 8087)
   defining Unicode char U+1F98 (decimal 8088)
   defining Unicode char U+1F99 (decimal 8089)
   defining Unicode char U+1F9A (decimal 8090)
   defining Unicode char U+1F9B (decimal 8091)
   defining Unicode char U+1F9C (decimal 8092)
   defining Unicode char U+1F9D (decimal 8093)
   defining Unicode char U+1F9E (decimal 8094)
   defining Unicode char U+1F9F (decimal 8095)
   defining Unicode char U+1FA0 (decimal 8096)
   defining Unicode char U+1FA1 (decimal 8097)
   defining Unicode char U+1FA2 (decimal 8098)
   defining Unicode char U+1FA3 (decimal 8099)
   defining Unicode char U+1FA4 (decimal 8100)
   defining Unicode char U+1FA5 (decimal 8101)
   defining Unicode char U+1FA6 (decimal 8102)
   defining Unicode char U+1FA7 (decimal 8103)
   defining Unicode char U+1FA8 (decimal 8104)
   defining Unicode char U+1FA9 (decimal 8105)
   defining Unicode char U+1FAA (decimal 8106)
   defining Unicode char U+1FAB (decimal 8107)
   defining Unicode char U+1FAC (decimal 8108)
   defining Unicode char U+1FAD (decimal 8109)
   defining Unicode char U+1FAE (decimal 8110)
   defining Unicode char U+1FAF (decimal 8111)
   defining Unicode char U+1FB0 (decimal 8112)
   defining Unicode char U+1FB1 (decimal 8113)
   defining Unicode char U+1FB2 (decimal 8114)
   defining Unicode char U+1FB3 (decimal 8115)
   defining Unicode char U+1FB4 (decimal 8116)
   defining Unicode char U+1FB6 (decimal 8118)
   defining Unicode char U+1FB7 (decimal 8119)
   defining Unicode char U+1FB8 (decimal 8120)
   defining Unicode char U+1FB9 (decimal 8121)
   defining Unicode char U+1FBA (decimal 8122)
   defining Unicode char U+1FBB (decimal 8123)
   defining Unicode char U+1FBC (decimal 8124)
   defining Unicode char U+1FBD (decimal 8125)
   defining Unicode char U+1FBE (decimal 8126)
   defining Unicode char U+1FBF (decimal 8127)
   defining Unicode char U+1FC0 (decimal 8128)
   defining Unicode char U+1FC1 (decimal 8129)
   defining Unicode char U+1FC2 (decimal 8130)
   defining Unicode char U+1FC3 (decimal 8131)
   defining Unicode char U+1FC4 (decimal 8132)
   defining Unicode char U+1FC6 (decimal 8134)
   defining Unicode char U+1FC7 (decimal 8135)
   defining Unicode char U+1FC8 (decimal 8136)
   defining Unicode char U+1FC9 (decimal 8137)
   defining Unicode char U+1FCA (decimal 8138)
   defining Unicode char U+1FCB (decimal 8139)
   defining Unicode char U+1FCC (decimal 8140)
   defining Unicode char U+1FCD (decimal 8141)
   defining Unicode char U+1FCE (decimal 8142)
   defining Unicode char U+1FCF (decimal 8143)
   defining Unicode char U+1FD0 (decimal 8144)
   defining Unicode char U+1FD1 (decimal 8145)
   defining Unicode char U+1FD2 (decimal 8146)
   defining Unicode char U+1FD3 (decimal 8147)
   defining Unicode char U+1FD6 (decimal 8150)
   defining Unicode char U+1FD7 (decimal 8151)
   defining Unicode char U+1FD8 (decimal 8152)
   defining Unicode char U+1FD9 (decimal 8153)
   defining Unicode char U+1FDA (decimal 8154)
   defining Unicode char U+1FDB (decimal 8155)
   defining Unicode char U+1FDD (decimal 8157)
   defining Unicode char U+1FDE (decimal 8158)
   defining Unicode char U+1FDF (decimal 8159)
   defining Unicode char U+1FE0 (decimal 8160)
   defining Unicode char U+1FE1 (decimal 8161)
   defining Unicode char U+1FE2 (decimal 8162)
   defining Unicode char U+1FE3 (decimal 8163)
   defining Unicode char U+1FE4 (decimal 8164)
   defining Unicode char U+1FE5 (decimal 8165)
   defining Unicode char U+1FE6 (decimal 8166)
   defining Unicode char U+1FE7 (decimal 8167)
   defining Unicode char U+1FE8 (decimal 8168)
   defining Unicode char U+1FE9 (decimal 8169)
   defining Unicode char U+1FEA (decimal 8170)
   defining Unicode char U+1FEB (decimal 8171)
   defining Unicode char U+1FEC (decimal 8172)
   defining Unicode char U+1FED (decimal 8173)
   defining Unicode char U+1FEE (decimal 8174)
   defining Unicode char U+1FEF (decimal 8175)
   defining Unicode char U+1FF2 (decimal 8178)
   defining Unicode char U+1FF3 (decimal 8179)
   defining Unicode char U+1FF4 (decimal 8180)
   defining Unicode char U+1FF6 (decimal 8182)
   defining Unicode char U+1FF7 (decimal 8183)
   defining Unicode char U+1FF8 (decimal 8184)
   defining Unicode char U+1FF9 (decimal 8185)
   defining Unicode char U+1FFA (decimal 8186)
   defining Unicode char U+1FFB (decimal 8187)
   defining Unicode char U+1FFC (decimal 8188)
   defining Unicode char U+1FFD (decimal 8189)
   defining Unicode char U+1FFE (decimal 8190)
   defining Unicode char U+2013 (decimal 8211)
   defining Unicode char U+2014 (decimal 8212)
   defining Unicode char U+2018 (decimal 8216)
   defining Unicode char U+2019 (decimal 8217)
   defining Unicode char U+201A (decimal 8218)
   defining Unicode char U+2030 (decimal 8240)
   defining Unicode char U+2039 (decimal 8249)
   defining Unicode char U+203A (decimal 8250)
   defining Unicode char U+20AC (decimal 8364)
   defining Unicode char U+2126 (decimal 8486)
   defining Unicode char U+10144 (decimal 65860)
   defining Unicode char U+10145 (decimal 65861)
   defining Unicode char U+10146 (decimal 65862)
   defining Unicode char U+10147 (decimal 65863)
) (c:/texlive/2022/texmf-dist/tex/latex/greek-fontenc/greek-fontenc.def
File: greek-fontenc.def 2020/10/30 2.0 Common Greek font encoding definitions
))
LaTeX Info: Redefining \& on input line 125.
) (c:/texlive/2022/texmf-dist/tex/generic/babel-english/english.ldf
Language: english 2017/06/06 v3.3r English support from the babel system
Package babel Info: Hyphen rules for 'canadian' set to \l@english
(babel)             (\language0). Reported on input line 102.
Package babel Info: Hyphen rules for 'australian' set to \l@ukenglish
(babel)             (\language21). Reported on input line 105.
Package babel Info: Hyphen rules for 'newzealand' set to \l@ukenglish
(babel)             (\language21). Reported on input line 108.
)) (c:/texlive/2022/texmf-dist/tex/latex/greek-fontenc/alphabeta.sty
Package: alphabeta 2020/10/13 2.0 macros for Greek letters in text and math
 (c:/texlive/2022/texmf-dist/tex/latex/greek-fontenc/textalpha.sty
Package: textalpha 2020/10/30 2.0 macros for Greek letters in text
)) (c:/texlive/2022/texmf-dist/tex/latex/l3backend/l3backend-pdftex.def
File: l3backend-pdftex.def 2022-02-07 L3 backend support: PDF output (pdfTeX)
\l__color_backend_stack_int=\count303
\l__pdf_internal_box=\box58
) (./report.aux)
\openout1 = `report.aux'.

LaTeX Font Info:    Checking defaults for OML/cmm/m/it on input line 53.
LaTeX Font Info:    ... okay on input line 53.
LaTeX Font Info:    Checking defaults for OMS/cmsy/m/n on input line 53.
LaTeX Font Info:    ... okay on input line 53.
LaTeX Font Info:    Checking defaults for OT1/cmr/m/n on input line 53.
LaTeX Font Info:    ... okay on input line 53.
LaTeX Font Info:    Checking defaults for T1/cmr/m/n on input line 53.
LaTeX Font Info:    ... okay on input line 53.
LaTeX Font Info:    Checking defaults for TS1/cmr/m/n on input line 53.
LaTeX Font Info:    ... okay on input line 53.
LaTeX Font Info:    Checking defaults for OMX/cmex/m/n on input line 53.
LaTeX Font Info:    ... okay on input line 53.
LaTeX Font Info:    Checking defaults for U/cmr/m/n on input line 53.
LaTeX Font Info:    ... okay on input line 53.
LaTeX Font Info:    Checking defaults for PD1/pdf/m/n on input line 53.
LaTeX Font Info:    ... okay on input line 53.
LaTeX Font Info:    Checking defaults for PU/pdf/m/n on input line 53.
LaTeX Font Info:    ... okay on input line 53.
LaTeX Font Info:    Checking defaults for LGR/cmr/m/n on input line 53.
LaTeX Font Info:    Trying to load font information for LGR+cmr on input line 53.
 (c:/texlive/2022/texmf-dist/tex/latex/cbfonts-fd/lgrcmr.fd
File: lgrcmr.fd 2017/07/29 v1.2 Greek European Computer Regular
)
LaTeX Font Info:    ... okay on input line 53.
\c@lstlisting=\count304
 (c:/texlive/2022/texmf-dist/tex/context/base/mkii/supp-pdf.mkii
[Loading MPS to PDF converter (version 2006.09.02).]
\scratchcounter=\count305
\scratchdimen=\dimen182
\scratchbox=\box59
\nofMPsegments=\count306
\nofMParguments=\count307
\everyMPshowfont=\toks30
\MPscratchCnt=\count308
\MPscratchDim=\dimen183
\MPnumerator=\count309
\makeMPintoPDFobject=\count310
\everyMPtoPDFconversion=\toks31
) (c:/texlive/2022/texmf-dist/tex/latex/epstopdf-pkg/epstopdf-base.sty
Package: epstopdf-base 2020-01-24 v2.11 Base part for package epstopdf
 (c:/texlive/2022/texmf-dist/tex/latex/grfext/grfext.sty
Package: grfext 2019/12/03 v1.3 Manage graphics extensions (HO)
)
Package epstopdf-base Info: Redefining graphics rule for `.eps' on input line 485.
Package grfext Info: Graphics extension search list:
(grfext)             [.pdf,.png,.jpg,.mps,.jpeg,.jbig2,.jb2,.PDF,.PNG,.JPG,.JPEG,.JBIG2,.JB2,.eps]
(grfext)             \AppendGraphicsExtensions on input line 504.
 (c:/texlive/2022/texmf-dist/tex/latex/latexconfig/epstopdf-sys.cfg
File: epstopdf-sys.cfg 2010/07/13 v1.3 Configuration of (r)epstopdf for TeX Live
))
Package caption Info: Begin \AtBeginDocument code.
Package caption Info: hyperref package is loaded.
Package caption Info: End \AtBeginDocument code.

*geometry* driver: auto-detecting
*geometry* detected driver: pdftex
*geometry* verbose mode - [ preamble ] result:
* driver: pdftex
* paper: letterpaper
* layout: <same size as paper>
* layoutoffset:(h,v)=(0.0pt,0.0pt)
* modes: 
* h-part:(L,W,R)=(72.26999pt, 469.75502pt, 72.26999pt)
* v-part:(T,H,B)=(72.26999pt, 650.43001pt, 72.26999pt)
* \paperwidth=614.295pt
* \paperheight=794.96999pt
* \textwidth=469.75502pt
* \textheight=650.43001pt
* \oddsidemargin=0.0pt
* \evensidemargin=0.0pt
* \topmargin=-37.0pt
* \headheight=12.0pt
* \headsep=25.0pt
* \topskip=12.0pt
* \footskip=30.0pt
* \marginparwidth=44.0pt
* \marginparsep=10.0pt
* \columnsep=10.0pt
* \skip\footins=10.8pt plus 4.0pt minus 2.0pt
* \hoffset=0.0pt
* \voffset=0.0pt
* \mag=1000
* \@twocolumnfalse
* \@twosidefalse
* \@mparswitchfalse
* \@reversemarginfalse
* (1in=72.27pt=25.4mm, 1cm=28.453pt)

Package hyperref Info: Link coloring ON on input line 53.
(c:/texlive/2022/texmf-dist/tex/latex/hyperref/nameref.sty
Package: nameref 2021-04-02 v2.47 Cross-referencing by name of section
 (c:/texlive/2022/texmf-dist/tex/latex/refcount/refcount.sty
Package: refcount 2019/12/15 v3.6 Data extraction from label references (HO)
) (c:/texlive/2022/texmf-dist/tex/generic/gettitlestring/gettitlestring.sty
Package: gettitlestring 2019/12/15 v1.6 Cleanup title references (HO)
)
\c@section@level=\count311
)
LaTeX Info: Redefining \ref on input line 53.
LaTeX Info: Redefining \pageref on input line 53.
LaTeX Info: Redefining \nameref on input line 53.
 (./report.out) (./report.out)
\@outlinefile=\write3
\openout3 = `report.out'.

 (c:/texlive/2022/texmf-dist/tex/latex/greek-fontenc/puenc-greek.def
File: puenc-greek.def 2020/10/18 2.0 Greek LICRs for PDF strings
 (c:/texlive/2022/texmf-dist/tex/latex/greek-fontenc/greek-fontenc.def
File: greek-fontenc.def 2020/10/30 2.0 Common Greek font encoding definitions
)) (c:/texlive/2022/texmf-dist/tex/latex/greek-fontenc/puenc-greek.def
File: puenc-greek.def 2020/10/18 2.0 Greek LICRs for PDF strings
 (c:/texlive/2022/texmf-dist/tex/latex/greek-fontenc/greek-fontenc.def
File: greek-fontenc.def 2020/10/30 2.0 Common Greek font encoding definitions
)) (c:/texlive/2022/texmf-dist/tex/latex/greek-fontenc/alphabeta-lgr.def
File: alphabeta-lgr 2020/09/25 1.0 Composite definitions for 8-bit TeX
)
   defining Unicode char U+0393 (decimal 915)
   defining Unicode char U+0394 (decimal 916)
   defining Unicode char U+0398 (decimal 920)
   defining Unicode char U+039B (decimal 923)
   defining Unicode char U+039E (decimal 926)
   defining Unicode char U+03A0 (decimal 928)
   defining Unicode char U+03A3 (decimal 931)
   defining Unicode char U+03A5 (decimal 933)
   defining Unicode char U+03A6 (decimal 934)
   defining Unicode char U+03A8 (decimal 936)
   defining Unicode char U+03A9 (decimal 937)
   defining Unicode char U+03B1 (decimal 945)
   defining Unicode char U+03B2 (decimal 946)
   defining Unicode char U+03B3 (decimal 947)
   defining Unicode char U+03B4 (decimal 948)
   defining Unicode char U+03B5 (decimal 949)
   defining Unicode char U+03B6 (decimal 950)
   defining Unicode char U+03B7 (decimal 951)
   defining Unicode char U+03B8 (decimal 952)
   defining Unicode char U+03B9 (decimal 953)
   defining Unicode char U+03BA (decimal 954)
   defining Unicode char U+03BB (decimal 955)
   defining Unicode char U+03BC (decimal 956)
   defining Unicode char U+03BD (decimal 957)
   defining Unicode char U+03BE (decimal 958)
   defining Unicode char U+03C0 (decimal 960)
   defining Unicode char U+03C1 (decimal 961)
   defining Unicode char U+03C2 (decimal 962)
   defining Unicode char U+03C3 (decimal 963)
   defining Unicode char U+03C4 (decimal 964)
   defining Unicode char U+03C5 (decimal 965)
   defining Unicode char U+03C6 (decimal 966)
   defining Unicode char U+03C7 (decimal 967)
   defining Unicode char U+03C8 (decimal 968)
   defining Unicode char U+03C9 (decimal 969)
   defining Unicode char U+03D1 (decimal 977)
   defining Unicode char U+03D5 (decimal 981)
   defining Unicode char U+03D6 (decimal 982)
   defining Unicode char U+03DD (decimal 989)
   defining Unicode char U+03F1 (decimal 1009)
   defining Unicode char U+03F5 (decimal 1013)

Underfull \hbox (badness 10000) in paragraph at lines 69--70

 []


Underfull \hbox (badness 10000) in paragraph at lines 73--74

 []


Underfull \hbox (badness 10000) in paragraph at lines 75--76

 []

[1

{c:/texlive/2022/texmf-var/fonts/map/pdftex/updmap/pdftex.map}]
Underfull \hbox (badness 10000) in paragraph at lines 120--122

 []


Underfull \hbox (badness 10000) in paragraph at lines 123--124

 []

<../Lab1/plot///results.png, id=63, 416.30531pt x 261.97874pt>
File: ../Lab1/plot///results.png Graphic file (type png)
<use ../Lab1/plot///results.png>
Package pdftex.def Info: ../Lab1/plot///results.png  used on input line 127.
(pdftex.def)             Requested size: 208.15215pt x 130.98904pt.
<../Lab1/plot///time_plots/time_64.png, id=65, 422.0568pt x 330.2739pt>
File: ../Lab1/plot///time_plots/time_64.png Graphic file (type png)
<use ../Lab1/plot///time_plots/time_64.png>
Package pdftex.def Info: ../Lab1/plot///time_plots/time_64.png  used on input line 134.
(pdftex.def)             Requested size: 189.9238pt x 148.62187pt.
<../Lab1/plot///time_plots/time_1024.png, id=66, 406.1574pt x 330.2739pt>
File: ../Lab1/plot///time_plots/time_1024.png Graphic file (type png)
<use ../Lab1/plot///time_plots/time_1024.png>
Package pdftex.def Info: ../Lab1/plot///time_plots/time_1024.png  used on input line 135.
(pdftex.def)             Requested size: 182.76913pt x 148.62187pt.
<../Lab1/plot///time_plots/time_4096.png, id=67, 412.6617pt x 330.2739pt>
File: ../Lab1/plot///time_plots/time_4096.png Graphic file (type png)
<use ../Lab1/plot///time_plots/time_4096.png>
Package pdftex.def Info: ../Lab1/plot///time_plots/time_4096.png  used on input line 136.
(pdftex.def)             Requested size: 185.69603pt x 148.62187pt.
[2 <../Lab1/plot///results.png>]
<../Lab1/plot///speedup_plots/speedup_64.png, id=90, 409.7709pt x 330.2739pt>
File: ../Lab1/plot///speedup_plots/speedup_64.png Graphic file (type png)
<use ../Lab1/plot///speedup_plots/speedup_64.png>
Package pdftex.def Info: ../Lab1/plot///speedup_plots/speedup_64.png  used on input line 143.
(pdftex.def)             Requested size: 163.90546pt x 132.10721pt.
<../Lab1/plot///speedup_plots/speedup_1024.png, id=91, 400.3758pt x 330.2739pt>
File: ../Lab1/plot///speedup_plots/speedup_1024.png Graphic file (type png)
<use ../Lab1/plot///speedup_plots/speedup_1024.png>
Package pdftex.def Info: ../Lab1/plot///speedup_plots/speedup_1024.png  used on input line 144.
(pdftex.def)             Requested size: 160.14748pt x 132.10721pt.
<../Lab1/plot///speedup_plots/speedup_4096.png, id=92, 409.7709pt x 330.2739pt>
File: ../Lab1/plot///speedup_plots/speedup_4096.png Graphic file (type png)
<use ../Lab1/plot///speedup_plots/speedup_4096.png>
Package pdftex.def Info: ../Lab1/plot///speedup_plots/speedup_4096.png  used on input line 145.
(pdftex.def)             Requested size: 163.90546pt x 132.10721pt.
 [3 <../Lab1/plot///time_plots/time_64.png> <../Lab1/plot///time_plots/time_1024.png> <../Lab1/plot///time_plots/time_4096.png> <../Lab1/plot///speedup_plots/speedup_64.png> <../Lab1/plot///speedup_plots/speedup_1024.png> <../Lab1/plot///speedup_plots/speedup_4096.png>] [4]
LaTeX Font Info:    Trying to load font information for OMS+cmr on input line 194.
 (c:/texlive/2022/texmf-dist/tex/latex/base/omscmr.fd
File: omscmr.fd 2019/12/16 v2.5j Standard LaTeX font definitions
)
LaTeX Font Info:    Font shape `OMS/cmr/m/n' in size <12> not available
(Font)              Font shape `OMS/cmsy/m/n' tried instead on input line 194.
<../Lab2/plots///kmeansNaivePlots/kmeans_naive_no_affinity.png, id=121, 578.16pt x 361.35pt>
File: ../Lab2/plots///kmeansNaivePlots/kmeans_naive_no_affinity.png Graphic file (type png)
<use ../Lab2/plots///kmeansNaivePlots/kmeans_naive_no_affinity.png>
Package pdftex.def Info: ../Lab2/plots///kmeansNaivePlots/kmeans_naive_no_affinity.png  used on input line 214.
(pdftex.def)             Requested size: 231.2599pt x 144.53743pt.
<../Lab2/plots///kmeansNaivePlots/kmeans_naive_gomp_cpu_affinity.png, id=122, 578.16pt x 361.35pt>
File: ../Lab2/plots///kmeansNaivePlots/kmeans_naive_gomp_cpu_affinity.png Graphic file (type png)
<use ../Lab2/plots///kmeansNaivePlots/kmeans_naive_gomp_cpu_affinity.png>
Package pdftex.def Info: ../Lab2/plots///kmeansNaivePlots/kmeans_naive_gomp_cpu_affinity.png  used on input line 215.
(pdftex.def)             Requested size: 231.2599pt x 144.53743pt.
<../Lab2/plots///kmeansNaivePlots/kmeans_naive_no_affinity_speedup.png, id=123, 578.16pt x 469.755pt>
File: ../Lab2/plots///kmeansNaivePlots/kmeans_naive_no_affinity_speedup.png Graphic file (type png)
<use ../Lab2/plots///kmeansNaivePlots/kmeans_naive_no_affinity_speedup.png>
Package pdftex.def Info: ../Lab2/plots///kmeansNaivePlots/kmeans_naive_no_affinity_speedup.png  used on input line 222.
(pdftex.def)             Requested size: 231.2599pt x 187.89867pt.
<../Lab2/plots///kmeansNaivePlots/kmeans_naive_gomp_cpu_affinity_speedup.png, id=124, 578.16pt x 469.755pt>
File: ../Lab2/plots///kmeansNaivePlots/kmeans_naive_gomp_cpu_affinity_speedup.png Graphic file (type png)
<use ../Lab2/plots///kmeansNaivePlots/kmeans_naive_gomp_cpu_affinity_speedup.png>
Package pdftex.def Info: ../Lab2/plots///kmeansNaivePlots/kmeans_naive_gomp_cpu_affinity_speedup.png  used on input line 223.
(pdftex.def)             Requested size: 231.2599pt x 187.89867pt.
 [5 <../Lab2/plots///kmeansNaivePlots/kmeans_naive_no_affinity.png> <../Lab2/plots///kmeansNaivePlots/kmeans_naive_gomp_cpu_affinity.png>] [6 <../Lab2/plots///kmeansNaivePlots/kmeans_naive_no_affinity_speedup.png> <../Lab2/plots///kmeansNaivePlots/kmeans_naive_gomp_cpu_affinity_speedup.png>]
<../Lab2/plots///fwStandardPlots/fw_standard_1024.png, id=160, 555.0336pt x 339.669pt>
File: ../Lab2/plots///fwStandardPlots/fw_standard_1024.png Graphic file (type png)
<use ../Lab2/plots///fwStandardPlots/fw_standard_1024.png>
Package pdftex.def Info: ../Lab2/plots///fwStandardPlots/fw_standard_1024.png  used on input line 273.
(pdftex.def)             Requested size: 222.0095pt x 135.86519pt.
<../Lab2/plots///fwStandardPlots/fw_standard_2048.png, id=161, 561.5379pt x 339.669pt>
File: ../Lab2/plots///fwStandardPlots/fw_standard_2048.png Graphic file (type png)
<use ../Lab2/plots///fwStandardPlots/fw_standard_2048.png>
Package pdftex.def Info: ../Lab2/plots///fwStandardPlots/fw_standard_2048.png  used on input line 274.
(pdftex.def)             Requested size: 224.61118pt x 135.86519pt.
<../Lab2/plots///fwStandardPlots/fw_standard_4096.png, id=162, 558.6471pt x 339.669pt>
File: ../Lab2/plots///fwStandardPlots/fw_standard_4096.png Graphic file (type png)
<use ../Lab2/plots///fwStandardPlots/fw_standard_4096.png>
Package pdftex.def Info: ../Lab2/plots///fwStandardPlots/fw_standard_4096.png  used on input line 275.
(pdftex.def)             Requested size: 223.45486pt x 135.86519pt.
<../Lab2/plots///fwStandardPlots/fw_speedup1024.png, id=163, 406.1574pt x 334.6101pt>
File: ../Lab2/plots///fwStandardPlots/fw_speedup1024.png Graphic file (type png)
<use ../Lab2/plots///fwStandardPlots/fw_speedup1024.png>
Package pdftex.def Info: ../Lab2/plots///fwStandardPlots/fw_speedup1024.png  used on input line 282.
(pdftex.def)             Requested size: 203.0782pt x 167.30464pt.
<../Lab2/plots///fwStandardPlots/fw_speedup2048.png, id=164, 406.1574pt x 334.6101pt>
File: ../Lab2/plots///fwStandardPlots/fw_speedup2048.png Graphic file (type png)
<use ../Lab2/plots///fwStandardPlots/fw_speedup2048.png>
Package pdftex.def Info: ../Lab2/plots///fwStandardPlots/fw_speedup2048.png  used on input line 283.
(pdftex.def)             Requested size: 203.0782pt x 167.30464pt.
<../Lab2/plots///fwStandardPlots/fw_speedup4096.png, id=165, 400.3758pt x 334.6101pt>
File: ../Lab2/plots///fwStandardPlots/fw_speedup4096.png Graphic file (type png)
<use ../Lab2/plots///fwStandardPlots/fw_speedup4096.png>
Package pdftex.def Info: ../Lab2/plots///fwStandardPlots/fw_speedup4096.png  used on input line 284.
(pdftex.def)             Requested size: 200.1874pt x 167.30464pt.
 [7 <../Lab2/plots///fwStandardPlots/fw_standard_1024.png> <../Lab2/plots///fwStandardPlots/fw_standard_2048.png> <../Lab2/plots///fwStandardPlots/fw_standard_4096.png>]
<../Lab2/plots///taskgraph.png, id=181, 513.92pt x 1492.57625pt>
File: ../Lab2/plots///taskgraph.png Graphic file (type png)
<use ../Lab2/plots///taskgraph.png>
Package pdftex.def Info: ../Lab2/plots///taskgraph.png  used on input line 306.
(pdftex.def)             Requested size: 128.47968pt x 373.14314pt.
 [8 <../Lab2/plots///fwStandardPlots/fw_speedup1024.png> <../Lab2/plots///fwStandardPlots/fw_speedup2048.png> <../Lab2/plots///fwStandardPlots/fw_speedup4096.png>]
<../Lab2/plots///fwTaskPlots/fw_tasks_1024.png, id=190, 578.16pt x 469.755pt>
File: ../Lab2/plots///fwTaskPlots/fw_tasks_1024.png Graphic file (type png)
<use ../Lab2/plots///fwTaskPlots/fw_tasks_1024.png>
Package pdftex.def Info: ../Lab2/plots///fwTaskPlots/fw_tasks_1024.png  used on input line 323.
(pdftex.def)             Requested size: 242.82555pt x 197.29576pt.

Overfull \hbox (31.43723pt too wide) in paragraph at lines 323--324
[][] 
 []

<../Lab2/plots///fwTaskPlots/fw_tasks_2048.png, id=191, 578.16pt x 469.755pt>
File: ../Lab2/plots///fwTaskPlots/fw_tasks_2048.png Graphic file (type png)
<use ../Lab2/plots///fwTaskPlots/fw_tasks_2048.png>
Package pdftex.def Info: ../Lab2/plots///fwTaskPlots/fw_tasks_2048.png  used on input line 327.
(pdftex.def)             Requested size: 242.82555pt x 197.29576pt.

Overfull \hbox (31.43723pt too wide) in paragraph at lines 327--328
[][] 
 []

<../Lab2/plots///fwTaskPlots/fw_tasks_4096.png, id=192, 578.16pt x 469.755pt>
File: ../Lab2/plots///fwTaskPlots/fw_tasks_4096.png Graphic file (type png)
<use ../Lab2/plots///fwTaskPlots/fw_tasks_4096.png>
Package pdftex.def Info: ../Lab2/plots///fwTaskPlots/fw_tasks_4096.png  used on input line 331.
(pdftex.def)             Requested size: 242.82555pt x 197.29576pt.

Overfull \hbox (7.94804pt too wide) in paragraph at lines 331--332
[][] 
 []

[9 <../Lab2/plots///taskgraph.png (PNG copy)>]
<../Lab2/plots///fwTaskPlots/fw_tasks_speedup_1024.png, id=200, 578.16pt x 469.755pt>
File: ../Lab2/plots///fwTaskPlots/fw_tasks_speedup_1024.png Graphic file (type png)
<use ../Lab2/plots///fwTaskPlots/fw_tasks_speedup_1024.png>
Package pdftex.def Info: ../Lab2/plots///fwTaskPlots/fw_tasks_speedup_1024.png  used on input line 341.
(pdftex.def)             Requested size: 242.82555pt x 197.29576pt.

Overfull \hbox (17.34515pt too wide) in paragraph at lines 341--342
[][] 
 []

<../Lab2/plots///fwTaskPlots/fw_tasks_speedup_2048.png, id=201, 578.16pt x 469.755pt>
File: ../Lab2/plots///fwTaskPlots/fw_tasks_speedup_2048.png Graphic file (type png)
<use ../Lab2/plots///fwTaskPlots/fw_tasks_speedup_2048.png>
Package pdftex.def Info: ../Lab2/plots///fwTaskPlots/fw_tasks_speedup_2048.png  used on input line 345.
(pdftex.def)             Requested size: 242.82555pt x 197.29576pt.

Overfull \hbox (17.34515pt too wide) in paragraph at lines 345--346
[][] 
 []

<../Lab2/plots///fwTaskPlots/fw_tasks_speedup_4096.png, id=202, 578.16pt x 469.755pt>
File: ../Lab2/plots///fwTaskPlots/fw_tasks_speedup_4096.png Graphic file (type png)
<use ../Lab2/plots///fwTaskPlots/fw_tasks_speedup_4096.png>
Package pdftex.def Info: ../Lab2/plots///fwTaskPlots/fw_tasks_speedup_4096.png  used on input line 349.
(pdftex.def)             Requested size: 242.82555pt x 197.29576pt.

Overfull \hbox (7.94804pt too wide) in paragraph at lines 349--350
[][] 
 []

[10 <../Lab2/plots///fwTaskPlots/fw_tasks_1024.png> <../Lab2/plots///fwTaskPlots/fw_tasks_2048.png> <../Lab2/plots///fwTaskPlots/fw_tasks_4096.png>] [11 <../Lab2/plots///fwTaskPlots/fw_tasks_speedup_1024.png> <../Lab2/plots///fwTaskPlots/fw_tasks_speedup_2048.png> <../Lab2/plots///fwTaskPlots/fw_tasks_speedup_4096.png>]
Overfull \hbox (10.91573pt too wide) in paragraph at lines 370--377
\LGR/cmr/m/n/12 Oi \OT1/cmr/bx/n/12 SUNW[]MP[]MAX[]POOL[]THREADS \LGR/cmr/m/n/12 kai \OT1/cmr/bx/n/12 SUNW[]MP[]MAX[]NESTED[]LEVELS
 []

<../Lab2/plots///fwTaskNestedPlots/fw_tasks_1024.png, id=220, 578.16pt x 469.755pt>
File: ../Lab2/plots///fwTaskNestedPlots/fw_tasks_1024.png Graphic file (type png)
<use ../Lab2/plots///fwTaskNestedPlots/fw_tasks_1024.png>
Package pdftex.def Info: ../Lab2/plots///fwTaskNestedPlots/fw_tasks_1024.png  used on input line 383.
(pdftex.def)             Requested size: 242.82555pt x 197.29576pt.

Overfull \hbox (31.43723pt too wide) in paragraph at lines 383--384
[][] 
 []

<../Lab2/plots///fwTaskNestedPlots/fw_tasks_2048.png, id=221, 578.16pt x 469.755pt>
File: ../Lab2/plots///fwTaskNestedPlots/fw_tasks_2048.png Graphic file (type png)
<use ../Lab2/plots///fwTaskNestedPlots/fw_tasks_2048.png>
Package pdftex.def Info: ../Lab2/plots///fwTaskNestedPlots/fw_tasks_2048.png  used on input line 387.
(pdftex.def)             Requested size: 242.82555pt x 197.29576pt.

Overfull \hbox (31.43723pt too wide) in paragraph at lines 387--388
[][] 
 []

<../Lab2/plots///fwTaskNestedPlots/fw_tasks_4096.png, id=222, 578.16pt x 469.755pt>
File: ../Lab2/plots///fwTaskNestedPlots/fw_tasks_4096.png Graphic file (type png)
<use ../Lab2/plots///fwTaskNestedPlots/fw_tasks_4096.png>
Package pdftex.def Info: ../Lab2/plots///fwTaskNestedPlots/fw_tasks_4096.png  used on input line 391.
(pdftex.def)             Requested size: 242.82555pt x 197.29576pt.

Overfull \hbox (7.94804pt too wide) in paragraph at lines 391--392
[][] 
 []

<../Lab2/plots///fwTaskNestedPlots/fw_tasks_speedup_1024.png, id=223, 578.16pt x 469.755pt>
File: ../Lab2/plots///fwTaskNestedPlots/fw_tasks_speedup_1024.png Graphic file (type png)
<use ../Lab2/plots///fwTaskNestedPlots/fw_tasks_speedup_1024.png>
Package pdftex.def Info: ../Lab2/plots///fwTaskNestedPlots/fw_tasks_speedup_1024.png  used on input line 401.
(pdftex.def)             Requested size: 242.82555pt x 197.29576pt.

Overfull \hbox (17.34515pt too wide) in paragraph at lines 401--402
[][] 
 []

<../Lab2/plots///fwTaskNestedPlots/fw_tasks_speedup_2048.png, id=224, 578.16pt x 469.755pt>
File: ../Lab2/plots///fwTaskNestedPlots/fw_tasks_speedup_2048.png Graphic file (type png)
<use ../Lab2/plots///fwTaskNestedPlots/fw_tasks_speedup_2048.png>
Package pdftex.def Info: ../Lab2/plots///fwTaskNestedPlots/fw_tasks_speedup_2048.png  used on input line 405.
(pdftex.def)             Requested size: 242.82555pt x 197.29576pt.

Overfull \hbox (17.34515pt too wide) in paragraph at lines 405--406
[][] 
 []

<../Lab2/plots///fwTaskNestedPlots/fw_tasks_speedup_4096.png, id=225, 578.16pt x 469.755pt>
File: ../Lab2/plots///fwTaskNestedPlots/fw_tasks_speedup_4096.png Graphic file (type png)
<use ../Lab2/plots///fwTaskNestedPlots/fw_tasks_speedup_4096.png>
Package pdftex.def Info: ../Lab2/plots///fwTaskNestedPlots/fw_tasks_speedup_4096.png  used on input line 409.
(pdftex.def)             Requested size: 242.82555pt x 197.29576pt.

Overfull \hbox (7.94804pt too wide) in paragraph at lines 409--410
[][] 
 []

[12 <../Lab2/plots///fwTaskNestedPlots/fw_tasks_1024.png> <../Lab2/plots///fwTaskNestedPlots/fw_tasks_2048.png> <../Lab2/plots///fwTaskNestedPlots/fw_tasks_4096.png>]
<../Lab2/plots///fwTiledPlots/fw_tiles_1024.png, id=234, 578.16pt x 361.35pt>
File: ../Lab2/plots///fwTiledPlots/fw_tiles_1024.png Graphic file (type png)
<use ../Lab2/plots///fwTiledPlots/fw_tiles_1024.png>
Package pdftex.def Info: ../Lab2/plots///fwTiledPlots/fw_tiles_1024.png  used on input line 426.
(pdftex.def)             Requested size: 242.82555pt x 151.76596pt.

Overfull \hbox (17.34515pt too wide) in paragraph at lines 426--427
[][] 
 []

<../Lab2/plots///fwTiledPlots/fw_tiles_2048.png, id=235, 578.16pt x 361.35pt>
File: ../Lab2/plots///fwTiledPlots/fw_tiles_2048.png Graphic file (type png)
<use ../Lab2/plots///fwTiledPlots/fw_tiles_2048.png>
Package pdftex.def Info: ../Lab2/plots///fwTiledPlots/fw_tiles_2048.png  used on input line 430.
(pdftex.def)             Requested size: 242.82555pt x 151.76596pt.

Overfull \hbox (17.34515pt too wide) in paragraph at lines 430--431
[][] 
 []

<../Lab2/plots///fwTiledPlots/fw_tiles_4096.png, id=236, 578.16pt x 361.35pt>
File: ../Lab2/plots///fwTiledPlots/fw_tiles_4096.png Graphic file (type png)
<use ../Lab2/plots///fwTiledPlots/fw_tiles_4096.png>
Package pdftex.def Info: ../Lab2/plots///fwTiledPlots/fw_tiles_4096.png  used on input line 434.
(pdftex.def)             Requested size: 242.82555pt x 151.76596pt.

Overfull \hbox (7.94804pt too wide) in paragraph at lines 434--435
[][] 
 []

[13 <../Lab2/plots///fwTaskNestedPlots/fw_tasks_speedup_1024.png> <../Lab2/plots///fwTaskNestedPlots/fw_tasks_speedup_2048.png> <../Lab2/plots///fwTaskNestedPlots/fw_tasks_speedup_4096.png>]
<../Lab2/plots///fwTiledPlots/fw_tiles_speedup_1024.png, id=246, 578.16pt x 469.755pt>
File: ../Lab2/plots///fwTiledPlots/fw_tiles_speedup_1024.png Graphic file (type png)
<use ../Lab2/plots///fwTiledPlots/fw_tiles_speedup_1024.png>
Package pdftex.def Info: ../Lab2/plots///fwTiledPlots/fw_tiles_speedup_1024.png  used on input line 444.
(pdftex.def)             Requested size: 242.82555pt x 197.29576pt.

Overfull \hbox (17.34515pt too wide) in paragraph at lines 444--445
[][] 
 []

<../Lab2/plots///fwTiledPlots/fw_tiles_speedup_2048.png, id=247, 578.16pt x 469.755pt>
File: ../Lab2/plots///fwTiledPlots/fw_tiles_speedup_2048.png Graphic file (type png)
<use ../Lab2/plots///fwTiledPlots/fw_tiles_speedup_2048.png>
Package pdftex.def Info: ../Lab2/plots///fwTiledPlots/fw_tiles_speedup_2048.png  used on input line 448.
(pdftex.def)             Requested size: 242.82555pt x 197.29576pt.

Overfull \hbox (17.34515pt too wide) in paragraph at lines 448--449
[][] 
 []

<../Lab2/plots///fwTiledPlots/fw_tiles_speedup_4096.png, id=248, 578.16pt x 469.755pt>
File: ../Lab2/plots///fwTiledPlots/fw_tiles_speedup_4096.png Graphic file (type png)
<use ../Lab2/plots///fwTiledPlots/fw_tiles_speedup_4096.png>
Package pdftex.def Info: ../Lab2/plots///fwTiledPlots/fw_tiles_speedup_4096.png  used on input line 452.
(pdftex.def)             Requested size: 242.82555pt x 197.29576pt.

Overfull \hbox (7.94804pt too wide) in paragraph at lines 452--453
[][] 
 []

[14 <../Lab2/plots///fwTiledPlots/fw_tiles_1024.png> <../Lab2/plots///fwTiledPlots/fw_tiles_2048.png> <../Lab2/plots///fwTiledPlots/fw_tiles_4096.png>] [15 <../Lab2/plots///fwTiledPlots/fw_tiles_speedup_1024.png> <../Lab2/plots///fwTiledPlots/fw_tiles_speedup_2048.png> <../Lab2/plots///fwTiledPlots/fw_tiles_speedup_4096.png>] (./report.aux)
Package rerunfilecheck Info: File `report.out' has not changed.
(rerunfilecheck)             Checksum: 6F262745FC12D2E06BCEFBBBF0B9BA89;2753.
 ) 
Here is how much of TeX's memory you used:
 16313 strings out of 478268
 272817 string characters out of 5850344
 610350 words of memory out of 5000000
 34179 multiletter control sequences out of 15000+600000
 480205 words of font info for 58 fonts, out of 8000000 for 9000
 1141 hyphenation exceptions out of 8191
 67i,9n,77p,993b,1949s stack positions out of 10000i,1000n,20000p,200000b,200000s
<c:/texlive/2022/texmf-dist/fonts/type1/public/amsfonts/cm/cmbx12.pfb><c:/texlive/2022/texmf-dist/fonts/type1/public/amsfonts/cm/cmmi12.pfb><c:/texlive/2022/texmf-dist/fonts/type1/public/amsfonts/cm/cmmi6.pfb><c:/texlive/2022/texmf-dist/fonts/type1/public/amsfonts/cm/cmmi8.pfb><c:/texlive/2022/texmf-dist/fonts/type1/public/amsfonts/cm/cmr10.pfb><c:/texlive/2022/texmf-dist/fonts/type1/public/amsfonts/cm/cmr12.pfb><c:/texlive/2022/texmf-dist/fonts/type1/public/amsfonts/cm/cmsy10.pfb><c:/texlive/2022/texmf-dist/fonts/type1/public/amsfonts/cm/cmtt10.pfb><c:/texlive/2022/texmf-dist/fonts/type1/public/cbfonts/grmn1200.pfb><c:/texlive/2022/texmf-dist/fonts/type1/public/cbfonts/grmn1440.pfb><c:/texlive/2022/texmf-dist/fonts/type1/public/cbfonts/grmn2074.pfb><c:/texlive/2022/texmf-dist/fonts/type1/public/cbfonts/grxn1200.pfb><c:/texlive/2022/texmf-dist/fonts/type1/public/cbfonts/grxn1440.pfb><c:/texlive/2022/texmf-dist/fonts/type1/public/cbfonts/grxn1728.pfb>
Output written on report.pdf (15 pages, 1303306 bytes).
PDF statistics:
 348 PDF objects out of 1000 (max. 8388607)
 229 compressed objects within 3 object streams
 100 named destinations out of 1000 (max. 500000)
 253 words of extra memory for PDF output out of 10000 (max. 10000000)

