FW_TILED,1024,32,0.8199,Threads = 1
FW_TILED,1024,32,0.4405,Threads = 2
FW_TILED,1024,32,0.2865,Threads = 4
FW_TILED,1024,32,0.1697,Threads = 8
FW_TILED,1024,32,0.1267,Threads = 16
FW_TILED,1024,32,0.1800,Threads = 32
FW_TILED,1024,32,0.3232,Threads = 64
FW_TILED,1024,64,0.7611,Threads = 1
FW_TILED,1024,64,0.3893,Threads = 2
FW_TILED,1024,64,0.2324,Threads = 4
FW_TILED,1024,64,0.1407,Threads = 8
FW_TILED,1024,64,0.1478,Threads = 16
FW_TILED,1024,64,0.1500,Threads = 32
FW_TILED,1024,64,0.2300,Threads = 64
FW_TILED,1024,128,0.7707,Threads = 1
FW_TILED,1024,128,0.4418,Threads = 2
FW_TILED,1024,128,0.2807,Threads = 4
FW_TILED,1024,128,0.2256,Threads = 8
FW_TILED,1024,128,0.2872,Threads = 16
FW_TILED,1024,128,0.3377,Threads = 32
FW_TILED,1024,128,0.3897,Threads = 64
FW_TILED,1024,256,0.8948,Threads = 1
FW_TILED,1024,256,0.5764,Threads = 2
FW_TILED,1024,256,0.5739,Threads = 4
FW_TILED,1024,256,0.5675,Threads = 8
FW_TILED,1024,256,0.5808,Threads = 16
FW_TILED,1024,256,0.6117,Threads = 32
FW_TILED,1024,256,0.6563,Threads = 64
FW_TILED,1024,512,1.0287,Threads = 1
FW_TILED,1024,512,0.9534,Threads = 2
FW_TILED,1024,512,0.9750,Threads = 4
FW_TILED,1024,512,0.9548,Threads = 8
FW_TILED,1024,512,0.9863,Threads = 16
FW_TILED,1024,512,1.0339,Threads = 32
FW_TILED,1024,512,1.0010,Threads = 64
FW_TILED,2048,32,6.2992,Threads = 1
FW_TILED,2048,32,3.2004,Threads = 2
FW_TILED,2048,32,1.7602,Threads = 4
FW_TILED,2048,32,0.9897,Threads = 8
FW_TILED,2048,32,0.8167,Threads = 16
FW_TILED,2048,32,0.5193,Threads = 32
FW_TILED,2048,32,0.4858,Threads = 64
FW_TILED,2048,64,5.0295,Threads = 1
FW_TILED,2048,64,2.6554,Threads = 2
FW_TILED,2048,64,1.4326,Threads = 4
FW_TILED,2048,64,0.8504,Threads = 8
FW_TILED,2048,64,0.7595,Threads = 16
FW_TILED,2048,64,0.5653,Threads = 32
FW_TILED,2048,64,0.5333,Threads = 64
FW_TILED,2048,128,4.8652,Threads = 1
FW_TILED,2048,128,2.4988,Threads = 2
FW_TILED,2048,128,1.6019,Threads = 4
FW_TILED,2048,128,0.9624,Threads = 8
FW_TILED,2048,128,0.8891,Threads = 16
FW_TILED,2048,128,0.7502,Threads = 32
FW_TILED,2048,128,0.8653,Threads = 64
FW_TILED,2048,256,5.5578,Threads = 1
FW_TILED,2048,256,3.0733,Threads = 2
FW_TILED,2048,256,2.0098,Threads = 4
FW_TILED,2048,256,1.6468,Threads = 8
FW_TILED,2048,256,1.5314,Threads = 16
FW_TILED,2048,256,1.5960,Threads = 32
FW_TILED,2048,256,1.7754,Threads = 64
FW_TILED,2048,512,5.9978,Threads = 1
FW_TILED,2048,512,4.0653,Threads = 2
FW_TILED,2048,512,3.6100,Threads = 4
FW_TILED,2048,512,3.5801,Threads = 8
FW_TILED,2048,512,3.6644,Threads = 16
FW_TILED,2048,512,3.6055,Threads = 32
FW_TILED,2048,512,3.8263,Threads = 64
FW_TILED,4096,32,51.7360,Threads = 1
FW_TILED,4096,32,26.2144,Threads = 2
FW_TILED,4096,32,13.3704,Threads = 4
FW_TILED,4096,32,6.8575,Threads = 8
FW_TILED,4096,32,4.3325,Threads = 16
FW_TILED,4096,32,3.5183,Threads = 32
FW_TILED,4096,32,2.2599,Threads = 64
FW_TILED,4096,64,40.1508,Threads = 1
FW_TILED,4096,64,21.8076,Threads = 2
FW_TILED,4096,64,10.9344,Threads = 4
FW_TILED,4096,64,5.4513,Threads = 8
FW_TILED,4096,64,3.1505,Threads = 16
FW_TILED,4096,64,2.7857,Threads = 32
FW_TILED,4096,64,1.9965,Threads = 64
FW_TILED,4096,128,35.4132,Threads = 1
FW_TILED,4096,128,18.5344,Threads = 2
FW_TILED,4096,128,10.0377,Threads = 4
FW_TILED,4096,128,5.6593,Threads = 8
FW_TILED,4096,128,3.4871,Threads = 16
FW_TILED,4096,128,3.1978,Threads = 32
FW_TILED,4096,128,2.5347,Threads = 64
FW_TILED,4096,256,43.0833,Threads = 1
FW_TILED,4096,256,22.2878,Threads = 2
FW_TILED,4096,256,12.3835,Threads = 4
FW_TILED,4096,256,7.1874,Threads = 8
FW_TILED,4096,256,5.3889,Threads = 16
FW_TILED,4096,256,4.8960,Threads = 32
FW_TILED,4096,256,5.1953,Threads = 64
FW_TILED,4096,512,42.9094,Threads = 1
FW_TILED,4096,512,22.8083,Threads = 2
FW_TILED,4096,512,14.4775,Threads = 4
FW_TILED,4096,512,10.8587,Threads = 8
FW_TILED,4096,512,11.0434,Threads = 16
FW_TILED,4096,512,11.2228,Threads = 32
FW_TILED,4096,512,12.3082,Threads = 64
