FW_SR,1024,32,0.8511, Threads = 1
FW_SR,1024,32,0.6287, Threads = 2
FW_SR,1024,32,0.6143, Threads = 4
FW_SR,1024,32,0.6362, Threads = 8
FW_SR,1024,32,0.6735, Threads = 16
FW_SR,1024,32,0.7962, Threads = 32
FW_SR,1024,32,0.8066, Threads = 64
FW_SR,1024,64,0.7082, Threads = 1
FW_SR,1024,64,0.5247, Threads = 2
FW_SR,1024,64,0.5057, Threads = 4
FW_SR,1024,64,0.5344, Threads = 8
FW_SR,1024,64,0.6263, Threads = 16
FW_SR,1024,64,0.5851, Threads = 32
FW_SR,1024,64,0.6893, Threads = 64
FW_SR,1024,128,0.7089, Threads = 1
FW_SR,1024,128,0.5043, Threads = 2
FW_SR,1024,128,0.5034, Threads = 4
FW_SR,1024,128,0.5522, Threads = 8
FW_SR,1024,128,0.5603, Threads = 16
FW_SR,1024,128,0.6087, Threads = 32
FW_SR,1024,128,0.6607, Threads = 64
FW_SR,1024,256,0.8094, Threads = 1
FW_SR,1024,256,0.6369, Threads = 2
FW_SR,1024,256,0.6260, Threads = 4
FW_SR,1024,256,0.6369, Threads = 8
FW_SR,1024,256,0.6531, Threads = 16
FW_SR,1024,256,0.7498, Threads = 32
FW_SR,1024,256,0.7592, Threads = 64
FW_SR,1024,512,0.9984, Threads = 1
FW_SR,1024,512,0.8248, Threads = 2
FW_SR,1024,512,0.8448, Threads = 4
FW_SR,1024,512,0.8331, Threads = 8
FW_SR,1024,512,0.8631, Threads = 16
FW_SR,1024,512,0.8982, Threads = 32
FW_SR,1024,512,0.9322, Threads = 64
FW_SR,2048,32,6.6591, Threads = 1
FW_SR,2048,32,4.7788, Threads = 2
FW_SR,2048,32,4.8497, Threads = 4
FW_SR,2048,32,4.8853, Threads = 8
FW_SR,2048,32,4.9367, Threads = 16
FW_SR,2048,32,5.3169, Threads = 32
FW_SR,2048,32,5.0633, Threads = 64
FW_SR,2048,64,5.2125, Threads = 1
FW_SR,2048,64,3.8235, Threads = 2
FW_SR,2048,64,3.8191, Threads = 4
FW_SR,2048,64,3.8386, Threads = 8
FW_SR,2048,64,3.8677, Threads = 16
FW_SR,2048,64,3.8593, Threads = 32
FW_SR,2048,64,4.0615, Threads = 64
FW_SR,2048,128,4.7517, Threads = 1
FW_SR,2048,128,3.5248, Threads = 2
FW_SR,2048,128,4.0485, Threads = 4
FW_SR,2048,128,3.6094, Threads = 8
FW_SR,2048,128,3.6477, Threads = 16
FW_SR,2048,128,3.7384, Threads = 32
FW_SR,2048,128,3.7481, Threads = 64
FW_SR,2048,256,5.4569, Threads = 1
FW_SR,2048,256,4.1558, Threads = 2
FW_SR,2048,256,4.5801, Threads = 4
FW_SR,2048,256,4.1851, Threads = 8
FW_SR,2048,256,4.2028, Threads = 16
FW_SR,2048,256,4.2132, Threads = 32
FW_SR,2048,256,4.3477, Threads = 64
FW_SR,2048,512,5.9414, Threads = 1
FW_SR,2048,512,4.7512, Threads = 2
FW_SR,2048,512,4.8077, Threads = 4
FW_SR,2048,512,4.7816, Threads = 8
FW_SR,2048,512,4.8027, Threads = 16
FW_SR,2048,512,4.8796, Threads = 32
FW_SR,2048,512,5.1157, Threads = 64
FW_SR,4096,32,55.3357, Threads = 1
FW_SR,4096,32,39.9177, Threads = 2
FW_SR,4096,32,39.9953, Threads = 4
FW_SR,4096,32,41.4454, Threads = 8
FW_SR,4096,32,40.2560, Threads = 16
FW_SR,4096,32,40.4855, Threads = 32
FW_SR,4096,32,40.5118, Threads = 64
FW_SR,4096,64,41.5590, Threads = 1
FW_SR,4096,64,30.2628, Threads = 2
FW_SR,4096,64,29.9175, Threads = 4
FW_SR,4096,64,29.8561, Threads = 8
FW_SR,4096,64,30.8806, Threads = 16
FW_SR,4096,64,30.4621, Threads = 32
FW_SR,4096,64,30.5794, Threads = 64
FW_SR,4096,128,37.4358, Threads = 1
FW_SR,4096,128,26.4761, Threads = 2
FW_SR,4096,128,28.1246, Threads = 4
FW_SR,4096,128,27.3723, Threads = 8
FW_SR,4096,128,28.5059, Threads = 16
FW_SR,4096,128,27.5918, Threads = 32
FW_SR,4096,128,27.1738, Threads = 64
FW_SR,4096,256,43.9787, Threads = 1
FW_SR,4096,256,32.3078, Threads = 2
FW_SR,4096,256,32.0338, Threads = 4
FW_SR,4096,256,34.0191, Threads = 8
FW_SR,4096,256,32.7618, Threads = 16
FW_SR,4096,256,32.7922, Threads = 32
FW_SR,4096,256,34.0679, Threads = 64
FW_SR,4096,512,42.6573, Threads = 1
FW_SR,4096,512,33.5667, Threads = 2
FW_SR,4096,512,32.9681, Threads = 4
FW_SR,4096,512,31.6413, Threads = 8
FW_SR,4096,512,31.5276, Threads = 16
FW_SR,4096,512,33.3146, Threads = 32
FW_SR,4096,512,31.6500, Threads = 64
