FW_TILED_TASK,1024,32,0.9763,Threads = 1
FW_TILED_TASK,1024,32,0.5394,Threads = 2
FW_TILED_TASK,1024,32,0.3052,Threads = 4
FW_TILED_TASK,1024,32,0.1632,Threads = 8
FW_TILED_TASK,1024,32,0.1206,Threads = 16
FW_TILED_TASK,1024,32,0.9672,Threads = 32
FW_TILED_TASK,1024,32,1.7488,Threads = 64
FW_TILED_TASK,1024,64,0.2435,Threads = 1
FW_TILED_TASK,1024,64,0.1345,Threads = 2
FW_TILED_TASK,1024,64,0.0802,Threads = 4
FW_TILED_TASK,1024,64,0.0589,Threads = 8
FW_TILED_TASK,1024,64,0.0320,Threads = 16
FW_TILED_TASK,1024,64,0.0798,Threads = 32
FW_TILED_TASK,1024,64,0.4405,Threads = 64
FW_TILED_TASK,1024,128,0.0706,Threads = 1
FW_TILED_TASK,1024,128,0.0511,Threads = 2
FW_TILED_TASK,1024,128,0.0352,Threads = 4
FW_TILED_TASK,1024,128,0.0304,Threads = 8
FW_TILED_TASK,1024,128,0.0223,Threads = 16
FW_TILED_TASK,1024,128,0.0446,Threads = 32
FW_TILED_TASK,1024,128,0.2867,Threads = 64
FW_TILED_TASK,1024,256,0.0178,Threads = 1
FW_TILED_TASK,1024,256,0.0171,Threads = 2
FW_TILED_TASK,1024,256,0.0156,Threads = 4
FW_TILED_TASK,1024,256,0.0147,Threads = 8
FW_TILED_TASK,1024,256,0.0241,Threads = 16
FW_TILED_TASK,1024,256,0.1413,Threads = 32
FW_TILED_TASK,1024,256,0.2296,Threads = 64
FW_TILED_TASK,1024,512,0.0043,Threads = 1
FW_TILED_TASK,1024,512,0.0074,Threads = 2
FW_TILED_TASK,1024,512,0.0095,Threads = 4
FW_TILED_TASK,1024,512,0.0140,Threads = 8
FW_TILED_TASK,1024,512,0.0265,Threads = 16
FW_TILED_TASK,1024,512,0.0572,Threads = 32
FW_TILED_TASK,1024,512,0.2014,Threads = 64
FW_TILED_TASK,2048,32,7.6495,Threads = 1
FW_TILED_TASK,2048,32,4.4415,Threads = 2
FW_TILED_TASK,2048,32,2.3082,Threads = 4
FW_TILED_TASK,2048,32,1.2037,Threads = 8
FW_TILED_TASK,2048,32,0.7796,Threads = 16
FW_TILED_TASK,2048,32,6.8974,Threads = 32
FW_TILED_TASK,2048,32,12.5990,Threads = 64
FW_TILED_TASK,2048,64,1.8958,Threads = 1
FW_TILED_TASK,2048,64,1.1137,Threads = 2
FW_TILED_TASK,2048,64,0.5803,Threads = 4
FW_TILED_TASK,2048,64,0.3121,Threads = 8
FW_TILED_TASK,2048,64,0.2114,Threads = 16
FW_TILED_TASK,2048,64,0.7549,Threads = 32
FW_TILED_TASK,2048,64,2.2257,Threads = 64
FW_TILED_TASK,2048,128,0.4824,Threads = 1
FW_TILED_TASK,2048,128,0.2737,Threads = 2
FW_TILED_TASK,2048,128,0.1395,Threads = 4
FW_TILED_TASK,2048,128,0.0849,Threads = 8
FW_TILED_TASK,2048,128,0.0889,Threads = 16
FW_TILED_TASK,2048,128,0.1814,Threads = 32
FW_TILED_TASK,2048,128,0.4174,Threads = 64
FW_TILED_TASK,2048,256,0.1408,Threads = 1
FW_TILED_TASK,2048,256,0.0980,Threads = 2
FW_TILED_TASK,2048,256,0.0525,Threads = 4
FW_TILED_TASK,2048,256,0.0454,Threads = 8
FW_TILED_TASK,2048,256,0.0515,Threads = 16
FW_TILED_TASK,2048,256,0.1789,Threads = 32
FW_TILED_TASK,2048,256,0.3912,Threads = 64
FW_TILED_TASK,2048,512,0.0342,Threads = 1
FW_TILED_TASK,2048,512,0.0322,Threads = 2
FW_TILED_TASK,2048,512,0.0283,Threads = 4
FW_TILED_TASK,2048,512,0.0247,Threads = 8
FW_TILED_TASK,2048,512,0.0397,Threads = 16
FW_TILED_TASK,2048,512,0.0650,Threads = 32
FW_TILED_TASK,2048,512,0.2363,Threads = 64
FW_TILED_TASK,4096,32,60.1001,Threads = 1
FW_TILED_TASK,4096,32,34.9367,Threads = 2
FW_TILED_TASK,4096,32,17.8731,Threads = 4
FW_TILED_TASK,4096,32,9.3825,Threads = 8
FW_TILED_TASK,4096,32,6.0777,Threads = 16
FW_TILED_TASK,4096,32,56.7903,Threads = 32
FW_TILED_TASK,4096,32,96.8945,Threads = 64
FW_TILED_TASK,4096,64,15.0164,Threads = 1
FW_TILED_TASK,4096,64,8.6592,Threads = 2
FW_TILED_TASK,4096,64,4.6541,Threads = 4
FW_TILED_TASK,4096,64,2.3385,Threads = 8
FW_TILED_TASK,4096,64,1.5410,Threads = 16
FW_TILED_TASK,4096,64,5.1373,Threads = 32
FW_TILED_TASK,4096,64,12.5153,Threads = 64
FW_TILED_TASK,4096,128,3.9084,Threads = 1
FW_TILED_TASK,4096,128,2.4828,Threads = 2
FW_TILED_TASK,4096,128,1.2326,Threads = 4
FW_TILED_TASK,4096,128,0.6292,Threads = 8
FW_TILED_TASK,4096,128,0.4092,Threads = 16
FW_TILED_TASK,4096,128,0.5886,Threads = 32
FW_TILED_TASK,4096,128,1.7076,Threads = 64
FW_TILED_TASK,4096,256,0.9454,Threads = 1
FW_TILED_TASK,4096,256,0.5617,Threads = 2
FW_TILED_TASK,4096,256,0.2934,Threads = 4
FW_TILED_TASK,4096,256,0.1640,Threads = 8
FW_TILED_TASK,4096,256,0.1626,Threads = 16
FW_TILED_TASK,4096,256,0.2737,Threads = 32
FW_TILED_TASK,4096,256,0.4930,Threads = 64
FW_TILED_TASK,4096,512,0.2813,Threads = 1
FW_TILED_TASK,4096,512,0.1429,Threads = 2
FW_TILED_TASK,4096,512,0.0985,Threads = 4
FW_TILED_TASK,4096,512,0.0640,Threads = 8
FW_TILED_TASK,4096,512,0.0770,Threads = 16
FW_TILED_TASK,4096,512,0.1695,Threads = 32
FW_TILED_TASK,4096,512,0.5611,Threads = 64
